#
# There is insufficient memory for the Java Runtime Environment to continue.
# Native memory allocation (malloc) failed to allocate 724016 bytes for Chunk::new
# Possible reasons:
#   The system is out of physical RAM or swap space
#   In 32 bit mode, the process size limit was hit
# Possible solutions:
#   Reduce memory load on the system
#   Increase physical memory or swap space
#   Check if swap backing store is full
#   Use 64 bit Java on a 64 bit OS
#   Decrease Java heap size (-Xmx/-Xms)
#   Decrease number of Java threads
#   Decrease Java thread stack sizes (-Xss)
#   Set larger code cache with -XX:ReservedCodeCacheSize=
# This output file may be truncated or incomplete.
#
#  Out of Memory Error (allocation.cpp:390), pid=21364, tid=11132
#
# JRE version: Java(TM) SE Runtime Environment (8.0_60-b27) (build 1.8.0_60-b27)
# Java VM: Java HotSpot(TM) 64-Bit Server VM (25.60-b23 mixed mode windows-amd64 compressed oops)
# Failed to write core dump. Minidumps are not enabled by default on client versions of Windows
#

---------------  T H R E A D  ---------------

Current thread (0x000000002017c000):  JavaThread "C2 CompilerThread1" daemon [_thread_in_native, id=11132, stack(0x0000000020a40000,0x0000000020b40000)]

Stack: [0x0000000020a40000,0x0000000020b40000]
[error occurred during error reporting (printing stack bounds), id 0xc0000005]

Native frames: (J=compiled Java code, j=interpreted, Vv=VM code, C=native code)


Current CompileTask:
C2:   2089  239       4       java.io.WinNTFileSystem::normalize (143 bytes)


---------------  P R O C E S S  ---------------

Java Threads: ( => current thread )
  0x000000002022c800 JavaThread "Service Thread" daemon [_thread_blocked, id=5956, stack(0x0000000020c40000,0x0000000020d40000)]
  0x00000000201d4800 JavaThread "C1 CompilerThread2" daemon [_thread_blocked, id=20852, stack(0x0000000020b40000,0x0000000020c40000)]
=>0x000000002017c000 JavaThread "C2 CompilerThread1" daemon [_thread_in_native, id=11132, stack(0x0000000020a40000,0x0000000020b40000)]
  0x0000000020179000 JavaThread "C2 CompilerThread0" daemon [_thread_in_native, id=16856, stack(0x0000000020940000,0x0000000020a40000)]
  0x000000002015d000 JavaThread "Monitor Ctrl-Break" daemon [_thread_in_native, id=21860, stack(0x0000000020840000,0x0000000020940000)]
  0x000000001e710000 JavaThread "Attach Listener" daemon [_thread_blocked, id=22492, stack(0x000000001ff40000,0x0000000020040000)]
  0x000000001e705000 JavaThread "Signal Dispatcher" daemon [_thread_blocked, id=19404, stack(0x000000001fe40000,0x000000001ff40000)]
  0x0000000002a76000 JavaThread "Finalizer" daemon [_thread_blocked, id=21924, stack(0x000000001f940000,0x000000001fa40000)]
  0x000000001e6b9000 JavaThread "Reference Handler" daemon [_thread_blocked, id=15108, stack(0x000000001f840000,0x000000001f940000)]
  0x000000000297e000 JavaThread "main" [_thread_in_vm, id=22912, stack(0x00000000027b0000,0x00000000028b0000)]

Other Threads:
  0x000000001e6b7800 VMThread [stack: 0x000000001f740000,0x000000001f840000] [id=22968]
  0x000000002029b000 WatcherThread [stack: 0x0000000020d40000,0x0000000020e40000] [id=20796]

VM state:not at safepoint (normal execution)

VM Mutex/Monitor currently owned by a thread: None

Heap:
 PSYoungGen      total 95232K, used 16389K [0x0000000756180000, 0x000000075cb80000, 0x00000007c0000000)
  eden space 81920K, 20% used [0x0000000756180000,0x0000000757181548,0x000000075b180000)
  from space 13312K, 0% used [0x000000075be80000,0x000000075be80000,0x000000075cb80000)
  to   space 13312K, 0% used [0x000000075b180000,0x000000075b180000,0x000000075be80000)
 ParOldGen       total 217088K, used 0K [0x0000000682400000, 0x000000068f800000, 0x0000000756180000)
  object space 217088K, 0% used [0x0000000682400000,0x0000000682400000,0x000000068f800000)
 Metaspace       used 4529K, capacity 5088K, committed 5248K, reserved 1056768K
  class space    used 504K, capacity 528K, committed 640K, reserved 1048576K

Card table byte_map: [0x0000000011ff0000,0x00000000129e0000] byte_map_base: 0x000000000ebde000

Marking Bits: (ParMarkBitMap*) 0x000000007754a5b0
 Begin Bits: [0x0000000013480000, 0x00000000183f0000)
 End Bits:   [0x00000000183f0000, 0x000000001d360000)

Polling page: 0x0000000000b50000

CodeCache: size=245760Kb used=1810Kb max_used=1810Kb free=243949Kb
 bounds [0x0000000002c30000, 0x0000000002ea0000, 0x0000000011c30000]
 total_blobs=527 nmethods=256 adapters=184
 compilation: enabled

Compilation events (10 events):
Event: 2.075 Thread 0x00000000201d4800 nmethod 253 0x0000000002de2090 code [0x0000000002de21e0, 0x0000000002de22f0]
Event: 2.075 Thread 0x00000000201d4800  254       3       java.net.URLStreamHandler::setURL (40 bytes)
Event: 2.076 Thread 0x00000000201d4800 nmethod 254 0x0000000002deaf50 code [0x0000000002deb0e0, 0x0000000002deb4d8]
Event: 2.079 Thread 0x00000000201d4800  256       3       java.util.jar.Manifest$FastInputStream::readLine (167 bytes)
Event: 2.080 Thread 0x00000000201d4800 nmethod 256 0x0000000002deb690 code [0x0000000002deb840, 0x0000000002debe18]
Event: 2.080 Thread 0x00000000201d4800  257       3       java.lang.String::checkBounds (46 bytes)
Event: 2.080 Thread 0x00000000201d4800 nmethod 257 0x0000000002dec110 code [0x0000000002dec2a0, 0x0000000002dec608]
Event: 2.081 Thread 0x00000000201d4800  258       3       sun.nio.cs.UTF_8$Decoder::decode (779 bytes)
Event: 2.086 Thread 0x00000000201d4800 nmethod 258 0x0000000002dec7d0 code [0x0000000002dece00, 0x0000000002df17b8]
Event: 2.086 Thread 0x00000000201d4800  259       3       java.util.jar.Attributes$Name::isValid (45 bytes)

GC Heap History (0 events):
No events

Deoptimization events (2 events):
Event: 2.059 Thread 0x000000000297e000 Uncommon trap: reason=unstable_if action=reinterpret pc=0x0000000002dcc0f4 method=java.lang.String.lastIndexOf([CII[CIII)I @ 66
Event: 2.064 Thread 0x000000000297e000 Uncommon trap: reason=unstable_if action=reinterpret pc=0x0000000002d97c28 method=java.lang.String.indexOf([CII[CIII)I @ 134

Internal exceptions (6 events):
Event: 0.381 Thread 0x000000000297e000 Exception <a 'java/lang/NoSuchMethodError': Method sun.misc.Unsafe.defineClass(Ljava/lang/String;[BII)Ljava/lang/Class; name or signature does not match> (0x0000000756193050) thrown at [C:\re\workspace\8-2-build-windows-amd64-cygwin\jdk8u60\4407\hotspot\srÂN¥UcØ?
Event: 0.381 Thread 0x000000000297e000 Exception <a 'java/lang/NoSuchMethodError': Method sun.misc.Unsafe.prefetchRead(Ljava/lang/Object;J)V name or signature does not match> (0x0000000756193338) thrown at [C:\re\workspace\8-2-build-windows-amd64-cygwin\jdk8u60\4407\hotspot\src\share\vm\prims\jdßºmý?
Event: 1.839 Thread 0x000000001e710000 Exception <a 'java/security/PrivilegedActionException'> (0x0000000756d2c640) thrown at [C:\re\workspace\8-2-build-windows-amd64-cygwin\jdk8u60\4407\hotspot\src\share\vm\prims\jvm.cpp, line 1386]
Event: 1.839 Thread 0x000000001e710000 Exception <a 'java/security/PrivilegedActionException'> (0x0000000756d2ca38) thrown at [C:\re\workspace\8-2-build-windows-amd64-cygwin\jdk8u60\4407\hotspot\src\share\vm\prims\jvm.cpp, line 1386]
Event: 1.840 Thread 0x000000001e710000 Exception <a 'java/security/PrivilegedActionException'> (0x0000000756d2f768) thrown at [C:\re\workspace\8-2-build-windows-amd64-cygwin\jdk8u60\4407\hotspot\src\share\vm\prims\jvm.cpp, line 1386]
Event: 1.840 Thread 0x000000001e710000 Exception <a 'java/security/PrivilegedActionException'> (0x0000000756d2fb60) thrown at [C:\re\workspace\8-2-build-windows-amd64-cygwin\jdk8u60\4407\hotspot\src\share\vm\prims\jvm.cpp, line 1386]

Events (10 events):
Event: 2.071 Thread 0x000000000297e000 DEOPT PACKING pc=0x0000000002de3776 sp=0x00000000028ac920
Event: 2.072 Thread 0x000000000297e000 DEOPT UNPACKING pc=0x0000000002c7787f sp=0x00000000028ac5f8 mode 0
Event: 2.072 loading class org/apache/logging/log4j/spi/ExtendedLogger
Event: 2.072 loading class org/apache/logging/log4j/spi/ExtendedLogger done
Event: 2.074 loading class org/apache/logging/log4j/Logger
Event: 2.074 loading class org/apache/logging/log4j/Logger done
Event: 2.079 loading class org/apache/logging/slf4j/SLF4JProvider
Event: 2.079 loading class org/apache/logging/slf4j/SLF4JProvider done
Event: 2.085 loading class org/apache/logging/log4j/spi/Provider
Event: 2.085 loading class org/apache/logging/log4j/spi/Provider done


Dynamic libraries:
0x00007ff6622f0000 - 0x00007ff662327000 	D:\software\java\jdk1.8.0_60\bin\java.exe
0x00007ffdfb0a0000 - 0x00007ffdfb290000 	C:\WINDOWS\SYSTEM32\ntdll.dll
0x00007ffdfa7c0000 - 0x00007ffdfa872000 	C:\WINDOWS\System32\KERNEL32.DLL
0x00007ffdf8010000 - 0x00007ffdf82b5000 	C:\WINDOWS\System32\KERNELBASE.dll
0x00007ffdfafb0000 - 0x00007ffdfb053000 	C:\WINDOWS\System32\ADVAPI32.dll
0x00007ffdf97b0000 - 0x00007ffdf984e000 	C:\WINDOWS\System32\msvcrt.dll
0x00007ffdf9280000 - 0x00007ffdf9317000 	C:\WINDOWS\System32\sechost.dll
0x00007ffdfae90000 - 0x00007ffdfafaf000 	C:\WINDOWS\System32\RPCRT4.dll
0x00007ffdfa4b0000 - 0x00007ffdfa644000 	C:\WINDOWS\System32\USER32.dll
0x00007ffdf8450000 - 0x00007ffdf8471000 	C:\WINDOWS\System32\win32u.dll
0x00007ffdf9b10000 - 0x00007ffdf9b36000 	C:\WINDOWS\System32\GDI32.dll
0x00007ffdf8c80000 - 0x00007ffdf8e18000 	C:\WINDOWS\System32\gdi32full.dll
0x00007ffdf8e20000 - 0x00007ffdf8ebe000 	C:\WINDOWS\System32\msvcp_win.dll
0x00007ffdf82c0000 - 0x00007ffdf83ba000 	C:\WINDOWS\System32\ucrtbase.dll
0x00007ffde4c00000 - 0x00007ffde4e84000 	C:\WINDOWS\WinSxS\amd64_microsoft.windows.common-controls_6595b64144ccf1df_6.0.18362.1556_none_9e7e372fe45e41d5\COMCTL32.dll
0x00007ffdfa9d0000 - 0x00007ffdfad06000 	C:\WINDOWS\System32\combase.dll
0x00007ffdf83c0000 - 0x00007ffdf8441000 	C:\WINDOWS\System32\bcryptPrimitives.dll
0x00007ffdfae60000 - 0x00007ffdfae8e000 	C:\WINDOWS\System32\IMM32.DLL
0x00000000507d0000 - 0x00000000508a2000 	D:\software\java\jdk1.8.0_60\jre\bin\msvcr100.dll
0x0000000076d40000 - 0x00000000775c9000 	D:\software\java\jdk1.8.0_60\jre\bin\server\jvm.dll
0x00007ffdfa9c0000 - 0x00007ffdfa9c8000 	C:\WINDOWS\System32\PSAPI.DLL
0x00007ffde4e90000 - 0x00007ffde4e99000 	C:\WINDOWS\SYSTEM32\WSOCK32.dll
0x00007ffdf9bb0000 - 0x00007ffdf9c1f000 	C:\WINDOWS\System32\WS2_32.dll
0x00007ffdefe50000 - 0x00007ffdefe74000 	C:\WINDOWS\SYSTEM32\WINMM.dll
0x00007ffdf3870000 - 0x00007ffdf387a000 	C:\WINDOWS\SYSTEM32\VERSION.dll
0x00007ffdefe20000 - 0x00007ffdefe4d000 	C:\WINDOWS\SYSTEM32\WINMMBASE.dll
0x00007ffdf84b0000 - 0x00007ffdf84fa000 	C:\WINDOWS\System32\cfgmgr32.dll
0x00000000507c0000 - 0x00000000507cf000 	D:\software\java\jdk1.8.0_60\jre\bin\verify.dll
0x0000000050790000 - 0x00000000507b9000 	D:\software\java\jdk1.8.0_60\jre\bin\java.dll
0x0000000050760000 - 0x0000000050783000 	D:\software\java\jdk1.8.0_60\jre\bin\instrument.dll
0x0000000050740000 - 0x0000000050756000 	D:\software\java\jdk1.8.0_60\jre\bin\zip.dll
0x00007ffdf9dc0000 - 0x00007ffdfa4a7000 	C:\WINDOWS\System32\SHELL32.dll
0x00007ffdf9d10000 - 0x00007ffdf9db8000 	C:\WINDOWS\System32\shcore.dll
0x00007ffdf8500000 - 0x00007ffdf8c7b000 	C:\WINDOWS\System32\windows.storage.dll
0x00007ffdf7fd0000 - 0x00007ffdf7fee000 	C:\WINDOWS\System32\profapi.dll
0x00007ffdf7f80000 - 0x00007ffdf7fca000 	C:\WINDOWS\System32\powrprof.dll
0x00007ffdf7f50000 - 0x00007ffdf7f60000 	C:\WINDOWS\System32\UMPDC.dll
0x00007ffdf9150000 - 0x00007ffdf91a2000 	C:\WINDOWS\System32\shlwapi.dll
0x00007ffdf7f60000 - 0x00007ffdf7f71000 	C:\WINDOWS\System32\kernel.appcore.dll
0x00007ffdf8ec0000 - 0x00007ffdf8ed7000 	C:\WINDOWS\System32\cryptsp.dll
0x00007ffdf30f0000 - 0x00007ffdf310a000 	D:\DevTools\IntelliJ IDEA 2020.1.1\bin\breakgen64.dll
0x0000000050720000 - 0x000000005073a000 	D:\software\java\jdk1.8.0_60\jre\bin\net.dll
0x00007ffdf7790000 - 0x00007ffdf77f7000 	C:\WINDOWS\system32\mswsock.dll

VM Arguments:
jvm_args: -javaagent:D:\DevTools\IntelliJ IDEA 2020.1.1\lib\idea_rt.jar=63146:D:\DevTools\IntelliJ IDEA 2020.1.1\bin -Dfile.encoding=UTF-8 
java_command: com.hsf.dubbo.consumer.DubboServiceConsumerXmlApplication
java_class_path (initial): D:\software\java\jdk1.8.0_60\jre\lib\charsets.jar;D:\software\java\jdk1.8.0_60\jre\lib\deploy.jar;D:\software\java\jdk1.8.0_60\jre\lib\ext\access-bridge-64.jar;D:\software\java\jdk1.8.0_60\jre\lib\ext\cldrdata.jar;D:\software\java\jdk1.8.0_60\jre\lib\ext\dnsns.jar;D:\software\java\jdk1.8.0_60\jre\lib\ext\jaccess.jar;D:\software\java\jdk1.8.0_60\jre\lib\ext\jfxrt.jar;D:\software\java\jdk1.8.0_60\jre\lib\ext\localedata.jar;D:\software\java\jdk1.8.0_60\jre\lib\ext\nashorn.jar;D:\software\java\jdk1.8.0_60\jre\lib\ext\sunec.jar;D:\software\java\jdk1.8.0_60\jre\lib\ext\sunjce_provider.jar;D:\software\java\jdk1.8.0_60\jre\lib\ext\sunmscapi.jar;D:\software\java\jdk1.8.0_60\jre\lib\ext\sunpkcs11.jar;D:\software\java\jdk1.8.0_60\jre\lib\ext\zipfs.jar;D:\software\java\jdk1.8.0_60\jre\lib\javaws.jar;D:\software\java\jdk1.8.0_60\jre\lib\jce.jar;D:\software\java\jdk1.8.0_60\jre\lib\jfr.jar;D:\software\java\jdk1.8.0_60\jre\lib\jfxswt.jar;D:\software\java\jdk1.8.0_60\jre\lib\jsse.jar;D:\software\java\jdk1.8.0_60\jre\lib\management-agent.jar;D:\software\java\jdk1.8.0_60\jre\lib\plugin.jar;D:\software\java\jdk1.8.0_60\jre\lib\resources.jar;D:\software\java\jdk1.8.0_60\jre\lib\rt.jar;E:\WorkSpace\IdeaWorkSpace\hsf-learn\project-my-dubbo\dubbo-service-consumer-xml\target\classes;E:\WorkSpace\IdeaWorkSpace\hsf-learn\project-my-dubbo\dubbo-service-api\target\classes;D:\repository\org\apache\dubbo\dubbo\2.7.5\dubbo-2.7.5.jar;D:\repository\org\springframework\spring-context\5.2.7.RELEASE\spring-context-5.2.7.RELEASE.jar;D:\repository\org\springframework\spring-aop\5.2.7.RELEASE\spring-aop-5.2.7.RELEASE.jar;D:\repository\org\springframework\spring-expression\5.2.7.RELEASE\spring-expression-5.2.7.RELEASE.jar;D:\repository\com\alibaba\spring\spring-context-support\1.0.5\spring-context-support-1.0.5.jar;D:\repository\org\javassist\javassist\3.20.0-GA\javassist-3.20.0-GA.jar;D:\repository\io\netty\netty-all\4.1.48.Final\netty-all-4.1.48.Final.jar;D:\repository\com\g
Launcher Type: SUN_STANDARD

Environment Variables:
JAVA_HOME=D:\software\java\jdk1.8.0_60
CLASSPATH=.;D:\software\java\jdk1.8.0_60\lib;D:\software\java\jdk1.8.0_60\lib\tools.jar,D:\software\Zulu\zulu-11\lib;D:\software\apache-jmeter-5.4.1\lib\ext\ApacheJMeter_core.jar;D:\software\apache-jmeter-5.4.1\lib\jorphan.jar;D:\software\apache-jmeter-5.4.1\lib\logkit-2.0.jar;
PATH=C:\ProgramData\Oracle\Java\javapath;C:\WINDOWS\system32;C:\WINDOWS;C:\WINDOWS\System32\Wbem;C:\WINDOWS\System32\WindowsPowerShell\v1.0\;C:\WINDOWS\System32\OpenSSH\;D:\software\java\jdk1.8.0_60\bin;D:\software\java\jdk1.8.0_60\jre\bin;D:\software\java\jre1.8.0_60\bin;D:\software\Git\cmd;D:\software\nodejs\;D:\DataBaseSoft\Redis\;D:\software\MySQL\MySQL Server 5.5\bin;D:\software\apache-maven-3.6.2-bin\apache-maven-3.6.2\bin;D:\software\TortoiseGit\bin;D:\software\Zulu\zulu-11\bin\;D:\software\Zulu\zulu-11\bin;D:\Go\Root\bin;D:\software\Dart\dart-sdk\bin;D:\software\flutter_windows_1.22.1-stable\flutter\bin;D:\software\scala-2.11.8\bin;D:\software\Python\Python37\Scripts\;D:\software\Python\Python37\;C:\Users\Think\AppData\Local\Microsoft\WindowsApps;D:\DevTools\IntelliJ IDEA 2020.1.1\bin;;D:\DevTools\PyCharm 2020.1.1\bin;;D:\DevTools\WebStorm 2020.1.1\bin;;C:\Users\Think\AppData\Roaming\npm;D:\DevTools\Microsoft VS Code\bin;D:\DevTools\JetBrains\GoLand 2020.1.2\bin;;C:\Users\Think\go\bin;
USERNAME=hsf
OS=Windows_NT
PROCESSOR_IDENTIFIER=Intel64 Family 6 Model 78 Stepping 3, GenuineIntel



---------------  S Y S T E M  ---------------

OS: Windows 10.0 , 64 bit Build 18362 (10.0.18362.1500)

CPU:total 4 (2 cores per cpu, 2 threads per core) family 6 model 78 stepping 3, cmov, cx8, fxsr, mmx, sse, sse2, sse3, ssse3, sse4.1, sse4.2, popcnt, avx, avx2, aes, clmul, erms, rtm, 3dnowpref, lzcnt, ht, tsc, tscinvbit, bmi1, bmi2, adx

Memory: 4k page, physical 20823624k(3838888k free), swap 33848116k(5584k free)

vm_info: Java HotSpot(TM) 64-Bit Server VM (25.60-b23) for windows-amd64 JRE (1.8.0_60-b27), built on Aug  4 2015 11:06:27 by "java_re" with MS VC++ 10.0 (VS2010)

time: Fri Jun 25 14:26:01 2021
elapsed time: 2 seconds (0d 0h 0m 2s)

